c:\users\johuotar\musket-doom\visualc8\debug\vc120.pdb
c:\users\johuotar\musket-doom\visualc8\debug\vc120.idb
c:\users\johuotar\musket-doom\visualc8\debug\i_joy.obj
c:\users\johuotar\musket-doom\visualc8\debug\i_main.obj
c:\users\johuotar\musket-doom\visualc8\debug\i_network.obj
c:\users\johuotar\musket-doom\visualc8\debug\i_sound.obj
c:\users\johuotar\musket-doom\visualc8\debug\i_sshot.obj
c:\users\johuotar\musket-doom\visualc8\debug\i_system.obj
c:\users\johuotar\musket-doom\visualc8\debug\i_video.obj
c:\users\johuotar\musket-doom\visualc8\debug\sdl_win32_main.obj
c:\users\johuotar\musket-doom\visualc8\debug\sounds.obj
c:\users\johuotar\musket-doom\visualc8\debug\st_lib.obj
c:\users\johuotar\musket-doom\visualc8\debug\st_stuff.obj
c:\users\johuotar\musket-doom\visualc8\debug\s_sound.obj
c:\users\johuotar\musket-doom\visualc8\debug\tables.obj
c:\users\johuotar\musket-doom\visualc8\debug\version.obj
c:\users\johuotar\musket-doom\visualc8\debug\v_video.obj
c:\users\johuotar\musket-doom\visualc8\debug\wi_stuff.obj
c:\users\johuotar\musket-doom\visualc8\debug\w_mmap.obj
c:\users\johuotar\musket-doom\visualc8\debug\w_wad.obj
c:\users\johuotar\musket-doom\visualc8\debug\z_bmalloc.obj
c:\users\johuotar\musket-doom\visualc8\debug\z_zone.obj
c:\users\johuotar\musket-doom\visualc8\debug\p_saveg.obj
c:\users\johuotar\musket-doom\visualc8\debug\p_setup.obj
c:\users\johuotar\musket-doom\visualc8\debug\p_sight.obj
c:\users\johuotar\musket-doom\visualc8\debug\p_spec.obj
c:\users\johuotar\musket-doom\visualc8\debug\p_switch.obj
c:\users\johuotar\musket-doom\visualc8\debug\p_telept.obj
c:\users\johuotar\musket-doom\visualc8\debug\p_tick.obj
c:\users\johuotar\musket-doom\visualc8\debug\p_user.obj
c:\users\johuotar\musket-doom\visualc8\debug\r_bsp.obj
c:\users\johuotar\musket-doom\visualc8\debug\r_data.obj
c:\users\johuotar\musket-doom\visualc8\debug\r_demo.obj
c:\users\johuotar\musket-doom\visualc8\debug\r_draw.obj
c:\users\johuotar\musket-doom\visualc8\debug\r_filter.obj
c:\users\johuotar\musket-doom\visualc8\debug\r_fps.obj
c:\users\johuotar\musket-doom\visualc8\debug\r_main.obj
c:\users\johuotar\musket-doom\visualc8\debug\r_patch.obj
c:\users\johuotar\musket-doom\visualc8\debug\r_plane.obj
c:\users\johuotar\musket-doom\visualc8\debug\r_segs.obj
c:\users\johuotar\musket-doom\visualc8\debug\r_sky.obj
c:\users\johuotar\musket-doom\visualc8\debug\r_things.obj
c:\users\johuotar\musket-doom\visualc8\debug\mmus2mid.obj
c:\users\johuotar\musket-doom\visualc8\debug\m_argv.obj
c:\users\johuotar\musket-doom\visualc8\debug\m_bbox.obj
c:\users\johuotar\musket-doom\visualc8\debug\m_cheat.obj
c:\users\johuotar\musket-doom\visualc8\debug\m_menu.obj
c:\users\johuotar\musket-doom\visualc8\debug\m_misc.obj
c:\users\johuotar\musket-doom\visualc8\debug\m_random.obj
c:\users\johuotar\musket-doom\visualc8\debug\p_ceilng.obj
c:\users\johuotar\musket-doom\visualc8\debug\p_checksum.obj
c:\users\johuotar\musket-doom\visualc8\debug\p_doors.obj
c:\users\johuotar\musket-doom\visualc8\debug\p_enemy.obj
c:\users\johuotar\musket-doom\visualc8\debug\p_floor.obj
c:\users\johuotar\musket-doom\visualc8\debug\p_genlin.obj
c:\users\johuotar\musket-doom\visualc8\debug\p_inter.obj
c:\users\johuotar\musket-doom\visualc8\debug\p_lights.obj
c:\users\johuotar\musket-doom\visualc8\debug\p_map.obj
c:\users\johuotar\musket-doom\visualc8\debug\p_maputl.obj
c:\users\johuotar\musket-doom\visualc8\debug\p_mobj.obj
c:\users\johuotar\musket-doom\visualc8\debug\p_plats.obj
c:\users\johuotar\musket-doom\visualc8\debug\p_pspr.obj
c:\users\johuotar\musket-doom\visualc8\debug\am_map.obj
c:\users\johuotar\musket-doom\visualc8\debug\doomdef.obj
c:\users\johuotar\musket-doom\visualc8\debug\doomstat.obj
c:\users\johuotar\musket-doom\visualc8\debug\dstrings.obj
c:\users\johuotar\musket-doom\visualc8\debug\d_client.obj
c:\users\johuotar\musket-doom\visualc8\debug\d_deh.obj
c:\users\johuotar\musket-doom\visualc8\debug\d_items.obj
c:\users\johuotar\musket-doom\visualc8\debug\d_main.obj
c:\users\johuotar\musket-doom\visualc8\debug\f_finale.obj
c:\users\johuotar\musket-doom\visualc8\debug\f_wipe.obj
c:\users\johuotar\musket-doom\visualc8\debug\g_game.obj
c:\users\johuotar\musket-doom\visualc8\debug\hu_lib.obj
c:\users\johuotar\musket-doom\visualc8\debug\hu_stuff.obj
c:\users\johuotar\musket-doom\visualc8\debug\info.obj
c:\users\johuotar\musket-doom\visualc8\debug\lprintf.obj
c:\users\johuotar\musket-doom\visualc8\debug\md5.obj
c:\users\johuotar\musket-doom\visualc8\debug\prboom.ilk
c:\users\johuotar\musket-doom\visualc8\debug\prboom.exe
c:\users\johuotar\musket-doom\visualc8\debug\prboom.pdb
c:\users\johuotar\musket-doom\visualc8\debug\icons.res
c:\users\johuotar\musket-doom\visualc8\debug\doom.tlog\cl.command.1.tlog
c:\users\johuotar\musket-doom\visualc8\debug\doom.tlog\cl.read.1.tlog
c:\users\johuotar\musket-doom\visualc8\debug\doom.tlog\cl.write.1.tlog
c:\users\johuotar\musket-doom\visualc8\debug\doom.tlog\link.command.1.tlog
c:\users\johuotar\musket-doom\visualc8\debug\doom.tlog\link.read.1.tlog
c:\users\johuotar\musket-doom\visualc8\debug\doom.tlog\link.write.1.tlog
c:\users\johuotar\musket-doom\visualc8\debug\doom.tlog\rc.command.1.tlog
c:\users\johuotar\musket-doom\visualc8\debug\doom.tlog\rc.read.1.tlog
c:\users\johuotar\musket-doom\visualc8\debug\doom.tlog\rc.write.1.tlog
